<?xml version="1.0" encoding="UTF-8"?>
<testsuite name="demo.SeleniumTest" tests="1" skipped="0" failures="0" errors="0" timestamp="2020-04-28T08:24:29" hostname="DNID0651L01.local" time="4.563">
  <properties/>
  <testcase name="searching" classname="demo.SeleniumTest" time="4.563"/>
  <system-out><![CDATA[]]></system-out>
  <system-err><![CDATA[Starting ChromeDriver 81.0.4044.69 (6813546031a4bc83f717a2ef7cd4ac6ec1199132-refs/branch-heads/4044@{#776}) on port 42985
Only local connections are allowed.
Please protect ports used by ChromeDriver and related test frameworks to prevent access by malicious code.
Apr 28, 2020 3:24:30 PM org.openqa.selenium.remote.ProtocolHandshake createSession
INFO: Detected dialect: W3C
[1588062273.384][SEVERE]: Timed out receiving message from renderer: 0.100
[1588062273.720][SEVERE]: Timed out receiving message from renderer: 0.100
]]></system-err>
</testsuite>
