<?xml version="1.0" encoding="UTF-8"?>
<testsuite name="demo.CucumberRunner" tests="0" skipped="0" failures="0" errors="0" timestamp="1970-01-01T00:00:00" hostname="DNID0651L01.local" time="0.0">
  <properties/>
  <system-out><![CDATA[
2 Scenarios (?[32m2 passed?[0m)
8 Steps (?[32m8 passed?[0m)
0m13.078s


]]></system-out>
  <system-err><![CDATA[]]></system-err>
</testsuite>
